<?xml version="1.0" encoding="UTF-8"?>
<!-- Generated by org.testng.reporters.JUnitReportReporter -->
<testsuite hostname="Nabila-Mubeen-Dell" failures="0" tests="1" name="sauceDemo.InvalidLogin" time="1.626" errors="0" timestamp="2024-10-28T13:01:02 PKT" skipped="0">
  <testcase classname="sauceDemo.InvalidLogin" name="runTest" time="1.626"/>
  <system-out/>
</testsuite> <!-- sauceDemo.InvalidLogin -->
