<?xml version="1.0" encoding="UTF-8"?>
<!-- Generated by org.testng.reporters.JUnitReportReporter -->
<testsuite hostname="Nabila-Mubeen-Dell" failures="0" tests="1" name="Test.FirstSeleniumTest" time="5.635" errors="0" timestamp="2024-10-28T13:00:51 PKT" skipped="0">
  <testcase classname="Test.FirstSeleniumTest" name="runTest" time="5.635"/>
  <system-out/>
</testsuite> <!-- Test.FirstSeleniumTest -->
