<?xml version="1.0" encoding="UTF-8"?>
<!-- Generated by org.testng.reporters.JUnitReportReporter -->
<testsuite hostname="Nabila-Mubeen-Dell" failures="0" tests="1" name="sauceDemo.SauceDemo" time="36.262" errors="0" timestamp="2024-10-28T19:12:59 PKT" skipped="0">
  <testcase classname="sauceDemo.SauceDemo" name="ValidLoginRunTest" time="36.262"/>
  <system-out/>
</testsuite> <!-- sauceDemo.SauceDemo -->
